<?xml version="1.0" encoding="UTF-8"?>
<robot generator="Robot 7.3.2 (Python 3.13.5 on win32)" generated="2025-07-11T21:37:15.848565" rpa="false" schemaversion="5">
<suite id="s1" name="Teste" source="d:\QA\Robot\Robot-Framework\Testes\teste.robot">
<test id="s1-t1" name="Cenário 1: Acessando o site da QAZANDO" line="12">
<kw name="Abrir Site">
<kw name="Open Browser" owner="SeleniumLibrary">
<msg time="2025-07-11T21:37:16.023986" level="INFO">Opening browser 'chrome' to base url 'https://automationpratice.com.br/'.</msg>
<arg>https://automationpratice.com.br/</arg>
<arg>chrome</arg>
<doc>Opens a new browser instance to the optional ``url``.</doc>
<status status="PASS" start="2025-07-11T21:37:16.023784" elapsed="2.862258"/>
</kw>
<status status="PASS" start="2025-07-11T21:37:16.023277" elapsed="2.863148"/>
</kw>
<status status="PASS" start="2025-07-11T21:37:16.022737" elapsed="2.865420"/>
</test>
<status status="PASS" start="2025-07-11T21:37:15.856303" elapsed="3.034533"/>
</suite>
<statistics>
<total>
<stat pass="1" fail="0" skip="0">All Tests</stat>
</total>
<tag>
</tag>
<suite>
<stat name="Teste" id="s1" pass="1" fail="0" skip="0">Teste</stat>
</suite>
</statistics>
<errors>
</errors>
</robot>
